# JRE version: OpenJDK Runtime Environment (17.0.11) (build 17.0.11+0--11852314)
# Java VM: OpenJDK 64-Bit Server VM (17.0.11+0--11852314, mixed mode, tiered, compressed oops, compressed class ptrs, g1 gc, windows-amd64)
GC Precious Log:
 CPUs: 12 total, 12 available
 Memory: 16191M
 Large Page Support: Disabled
 NUMA Support: Disabled
 Compressed Oops: Enabled (Zero based)
 Heap Region Size: 2M
 Heap Min Capacity: 8M
 Heap Initial Capacity: 254M
 Heap Max Capacity: 4048M
 Pre-touch: Disabled
 Parallel Workers: 10
 Concurrent Workers: 3
 Concurrent Refinement Workers: 10
 Periodic GC: Disabled
Heap:
 garbage-first heap   total 151552K, used 54499K [0x0000000703000000, 0x0000000800000000)
  region size 2048K, 19 young (38912K), 1 survivors (2048K)
 Metaspace       used 46314K, committed 46592K, reserved 1114112K
  class space    used 5656K, committed 5760K, reserved 1048576K
GC Heap History (14 events):
Event: 1.694 GC heap before
{Heap before GC invocations=0 (full 0):
 garbage-first heap   total 260096K, used 24576K [0x0000000703000000, 0x0000000800000000)
  region size 2048K, 11 young (22528K), 0 survivors (0K)
 Metaspace       used 12915K, committed 12992K, reserved 1114112K
  class space    used 1233K, committed 1280K, reserved 1048576K
}
Event: 1.700 GC heap after
{Heap after GC invocations=1 (full 0):
 garbage-first heap   total 260096K, used 6647K [0x0000000703000000, 0x0000000800000000)
  region size 2048K, 2 young (4096K), 2 survivors (4096K)
 Metaspace       used 12915K, committed 12992K, reserved 1114112K
  class space    used 1233K, committed 1280K, reserved 1048576K
}
Event: 3.218 GC heap before
{Heap before GC invocations=1 (full 0):
 garbage-first heap   total 260096K, used 39415K [0x0000000703000000, 0x0000000800000000)
  region size 2048K, 19 young (38912K), 2 survivors (4096K)
 Metaspace       used 21348K, committed 21504K, reserved 1114112K
  class space    used 2326K, committed 2432K, reserved 1048576K
}
Event: 3.227 GC heap after
{Heap after GC invocations=2 (full 0):
 garbage-first heap   total 260096K, used 8247K [0x0000000703000000, 0x0000000800000000)
  region size 2048K, 3 young (6144K), 3 survivors (6144K)
 Metaspace       used 21348K, committed 21504K, reserved 1114112K
  class space    used 2326K, committed 2432K, reserved 1048576K
}
Event: 4.148 GC heap before
{Heap before GC invocations=3 (full 0):
 garbage-first heap   total 40960K, used 28727K [0x0000000703000000, 0x0000000800000000)
  region size 2048K, 14 young (28672K), 3 survivors (6144K)
 Metaspace       used 28495K, committed 28736K, reserved 1114112K
  class space    used 3535K, committed 3648K, reserved 1048576K
}
Event: 4.161 GC heap after
{Heap after GC invocations=4 (full 0):
 garbage-first heap   total 40960K, used 9132K [0x0000000703000000, 0x0000000800000000)
  region size 2048K, 3 young (6144K), 3 survivors (6144K)
 Metaspace       used 28495K, committed 28736K, reserved 1114112K
  class space    used 3535K, committed 3648K, reserved 1048576K
}
Event: 4.729 GC heap before
{Heap before GC invocations=4 (full 0):
 garbage-first heap   total 40960K, used 29612K [0x0000000703000000, 0x0000000800000000)
  region size 2048K, 12 young (24576K), 3 survivors (6144K)
 Metaspace       used 30586K, committed 30784K, reserved 1114112K
  class space    used 3952K, committed 4032K, reserved 1048576K
}
Event: 4.753 GC heap after
{Heap after GC invocations=5 (full 0):
 garbage-first heap   total 40960K, used 15292K [0x0000000703000000, 0x0000000800000000)
  region size 2048K, 2 young (4096K), 2 survivors (4096K)
 Metaspace       used 30586K, committed 30784K, reserved 1114112K
  class space    used 3952K, committed 4032K, reserved 1048576K
}
Event: 5.268 GC heap before
{Heap before GC invocations=5 (full 0):
 garbage-first heap   total 40960K, used 29628K [0x0000000703000000, 0x0000000800000000)
  region size 2048K, 9 young (18432K), 2 survivors (4096K)
 Metaspace       used 34111K, committed 34304K, reserved 1114112K
  class space    used 4348K, committed 4480K, reserved 1048576K
}
Event: 5.291 GC heap after
{Heap after GC invocations=6 (full 0):
 garbage-first heap   total 40960K, used 15132K [0x0000000703000000, 0x0000000800000000)
  region size 2048K, 1 young (2048K), 1 survivors (2048K)
 Metaspace       used 34111K, committed 34304K, reserved 1114112K
  class space    used 4348K, committed 4480K, reserved 1048576K
}
Event: 5.553 GC heap before
{Heap before GC invocations=6 (full 0):
 garbage-first heap   total 40960K, used 21276K [0x0000000703000000, 0x0000000800000000)
  region size 2048K, 6 young (12288K), 1 survivors (2048K)
 Metaspace       used 35737K, committed 35968K, reserved 1114112K
  class space    used 4531K, committed 4672K, reserved 1048576K
}
Event: 5.564 GC heap after
{Heap after GC invocations=7 (full 0):
 garbage-first heap   total 40960K, used 16204K [0x0000000703000000, 0x0000000800000000)
  region size 2048K, 1 young (2048K), 1 survivors (2048K)
 Metaspace       used 35737K, committed 35968K, reserved 1114112K
  class space    used 4531K, committed 4672K, reserved 1048576K
}
Event: 5.862 GC heap before
{Heap before GC invocations=8 (full 0):
 garbage-first heap   total 40960K, used 26444K [0x0000000703000000, 0x0000000800000000)
  region size 2048K, 7 young (14336K), 1 survivors (2048K)
 Metaspace       used 38274K, committed 38464K, reserved 1114112K
  class space    used 4762K, committed 4864K, reserved 1048576K
}
Event: 5.870 GC heap after
{Heap after GC invocations=9 (full 0):
 garbage-first heap   total 151552K, used 17635K [0x0000000703000000, 0x0000000800000000)
  region size 2048K, 1 young (2048K), 1 survivors (2048K)
 Metaspace       used 38274K, committed 38464K, reserved 1114112K
  class space    used 4762K, committed 4864K, reserved 1048576K
}

