# JRE version: OpenJDK Runtime Environment (17.0.11) (build 17.0.11+0--11852314)
# Java VM: OpenJDK 64-Bit Server VM (17.0.11+0--11852314, mixed mode, tiered, compressed oops, compressed class ptrs, g1 gc, windows-amd64)
GC Precious Log:
 CPUs: 12 total, 12 available
 Memory: 16191M
 Large Page Support: Disabled
 NUMA Support: Disabled
 Compressed Oops: Enabled (32-bit)
 Heap Region Size: 1M
 Heap Min Capacity: 8M
 Heap Initial Capacity: 254M
 Heap Max Capacity: 2G
 Pre-touch: Disabled
 Parallel Workers: 10
 Concurrent Workers: 3
 Concurrent Refinement Workers: 10
 Periodic GC: Disabled
Heap:
 garbage-first heap   total 351232K, used 222150K [0x0000000080000000, 0x0000000100000000)
  region size 1024K, 10 young (10240K), 10 survivors (10240K)
 Metaspace       used 145321K, committed 146304K, reserved 1179648K
  class space    used 19955K, committed 20480K, reserved 1048576K
GC Heap History (20 events):
Event: 5282.707 GC heap after
{Heap after GC invocations=50 (full 1):
 garbage-first heap   total 277504K, used 127626K [0x0000000080000000, 0x0000000100000000)
  region size 1024K, 15 young (15360K), 15 survivors (15360K)
 Metaspace       used 133077K, committed 133888K, reserved 1179648K
  class space    used 18598K, committed 19008K, reserved 1048576K
}
Event: 5283.291 GC heap before
{Heap before GC invocations=51 (full 1):
 garbage-first heap   total 277504K, used 190090K [0x0000000080000000, 0x0000000100000000)
  region size 1024K, 70 young (71680K), 15 survivors (15360K)
 Metaspace       used 135380K, committed 136256K, reserved 1179648K
  class space    used 18888K, committed 19328K, reserved 1048576K
}
Event: 5283.304 GC heap after
{Heap after GC invocations=52 (full 1):
 garbage-first heap   total 277504K, used 138542K [0x0000000080000000, 0x0000000100000000)
  region size 1024K, 10 young (10240K), 10 survivors (10240K)
 Metaspace       used 135380K, committed 136256K, reserved 1179648K
  class space    used 18888K, committed 19328K, reserved 1048576K
}
Event: 5283.569 GC heap before
{Heap before GC invocations=53 (full 1):
 garbage-first heap   total 277504K, used 215342K [0x0000000080000000, 0x0000000100000000)
  region size 1024K, 69 young (70656K), 10 survivors (10240K)
 Metaspace       used 137669K, committed 138560K, reserved 1179648K
  class space    used 19086K, committed 19520K, reserved 1048576K
}
Event: 5283.580 GC heap after
{Heap after GC invocations=54 (full 1):
 garbage-first heap   total 277504K, used 147810K [0x0000000080000000, 0x0000000100000000)
  region size 1024K, 9 young (9216K), 9 survivors (9216K)
 Metaspace       used 137669K, committed 138560K, reserved 1179648K
  class space    used 19086K, committed 19520K, reserved 1048576K
}
Event: 5283.593 GC heap before
{Heap before GC invocations=54 (full 1):
 garbage-first heap   total 277504K, used 150882K [0x0000000080000000, 0x0000000100000000)
  region size 1024K, 13 young (13312K), 9 survivors (9216K)
 Metaspace       used 137809K, committed 138688K, reserved 1179648K
  class space    used 19104K, committed 19520K, reserved 1048576K
}
Event: 5283.597 GC heap after
{Heap after GC invocations=55 (full 1):
 garbage-first heap   total 277504K, used 150027K [0x0000000080000000, 0x0000000100000000)
  region size 1024K, 2 young (2048K), 2 survivors (2048K)
 Metaspace       used 137809K, committed 138688K, reserved 1179648K
  class space    used 19104K, committed 19520K, reserved 1048576K
}
Event: 5283.728 GC heap before
{Heap before GC invocations=55 (full 1):
 garbage-first heap   total 277504K, used 206347K [0x0000000080000000, 0x0000000100000000)
  region size 1024K, 58 young (59392K), 2 survivors (2048K)
 Metaspace       used 139126K, committed 139968K, reserved 1179648K
  class space    used 19234K, committed 19648K, reserved 1048576K
}
Event: 5283.733 GC heap after
{Heap after GC invocations=56 (full 1):
 garbage-first heap   total 277504K, used 152268K [0x0000000080000000, 0x0000000100000000)
  region size 1024K, 4 young (4096K), 4 survivors (4096K)
 Metaspace       used 139126K, committed 139968K, reserved 1179648K
  class space    used 19234K, committed 19648K, reserved 1048576K
}
Event: 5283.931 GC heap before
{Heap before GC invocations=57 (full 1):
 garbage-first heap   total 278528K, used 195276K [0x0000000080000000, 0x0000000100000000)
  region size 1024K, 62 young (63488K), 4 survivors (4096K)
 Metaspace       used 140309K, committed 141184K, reserved 1179648K
  class space    used 19346K, committed 19776K, reserved 1048576K
}
Event: 5283.938 GC heap after
{Heap after GC invocations=58 (full 1):
 garbage-first heap   total 350208K, used 142527K [0x0000000080000000, 0x0000000100000000)
  region size 1024K, 8 young (8192K), 8 survivors (8192K)
 Metaspace       used 140309K, committed 141184K, reserved 1179648K
  class space    used 19346K, committed 19776K, reserved 1048576K
}
Event: 5283.973 GC heap before
{Heap before GC invocations=58 (full 1):
 garbage-first heap   total 350208K, used 150719K [0x0000000080000000, 0x0000000100000000)
  region size 1024K, 17 young (17408K), 8 survivors (8192K)
 Metaspace       used 140741K, committed 141696K, reserved 1179648K
  class space    used 19408K, committed 19840K, reserved 1048576K
}
Event: 5283.976 GC heap after
{Heap after GC invocations=59 (full 1):
 garbage-first heap   total 350208K, used 125118K [0x0000000080000000, 0x0000000100000000)
  region size 1024K, 2 young (2048K), 2 survivors (2048K)
 Metaspace       used 140741K, committed 141696K, reserved 1179648K
  class space    used 19408K, committed 19840K, reserved 1048576K
}
Event: 5284.652 GC heap before
{Heap before GC invocations=59 (full 1):
 garbage-first heap   total 350208K, used 195774K [0x0000000080000000, 0x0000000100000000)
  region size 1024K, 73 young (74752K), 2 survivors (2048K)
 Metaspace       used 143570K, committed 144512K, reserved 1179648K
  class space    used 19766K, committed 20224K, reserved 1048576K
}
Event: 5284.656 GC heap after
{Heap after GC invocations=60 (full 1):
 garbage-first heap   total 350208K, used 128217K [0x0000000080000000, 0x0000000100000000)
  region size 1024K, 5 young (5120K), 5 survivors (5120K)
 Metaspace       used 143570K, committed 144512K, reserved 1179648K
  class space    used 19766K, committed 20224K, reserved 1048576K
}
Event: 5285.196 GC heap before
{Heap before GC invocations=61 (full 1):
 garbage-first heap   total 350208K, used 306033K [0x0000000080000000, 0x0000000100000000)
  region size 1024K, 131 young (134144K), 5 survivors (5120K)
 Metaspace       used 144572K, committed 145600K, reserved 1179648K
  class space    used 19856K, committed 20352K, reserved 1048576K
}
Event: 5285.221 GC heap after
{Heap after GC invocations=62 (full 1):
 garbage-first heap   total 351232K, used 191406K [0x0000000080000000, 0x0000000100000000)
  region size 1024K, 17 young (17408K), 17 survivors (17408K)
 Metaspace       used 144572K, committed 145600K, reserved 1179648K
  class space    used 19856K, committed 20352K, reserved 1048576K
}
Event: 5285.226 GC heap before
{Heap before GC invocations=62 (full 1):
 garbage-first heap   total 351232K, used 192430K [0x0000000080000000, 0x0000000100000000)
  region size 1024K, 18 young (18432K), 17 survivors (17408K)
 Metaspace       used 144575K, committed 145600K, reserved 1179648K
  class space    used 19856K, committed 20352K, reserved 1048576K
}
Event: 5285.236 GC heap after
{Heap after GC invocations=63 (full 1):
 garbage-first heap   total 351232K, used 187515K [0x0000000080000000, 0x0000000100000000)
  region size 1024K, 2 young (2048K), 2 survivors (2048K)
 Metaspace       used 144575K, committed 145600K, reserved 1179648K
  class space    used 19856K, committed 20352K, reserved 1048576K
}
Event: 5285.404 GC heap before
{Heap before GC invocations=63 (full 1):
 garbage-first heap   total 351232K, used 266363K [0x0000000080000000, 0x0000000100000000)
  region size 1024K, 80 young (81920K), 2 survivors (2048K)
 Metaspace       used 145321K, committed 146304K, reserved 1179648K
  class space    used 19955K, committed 20480K, reserved 1048576K
}

