# JRE version: OpenJDK Runtime Environment (17.0.11) (build 17.0.11+0--11852314)
# Java VM: OpenJDK 64-Bit Server VM (17.0.11+0--11852314, mixed mode, tiered, compressed oops, compressed class ptrs, g1 gc, windows-amd64)
GC Precious Log:
 CPUs: 12 total, 12 available
 Memory: 16191M
 Large Page Support: Disabled
 NUMA Support: Disabled
 Compressed Oops: Enabled (32-bit)
 Heap Region Size: 1M
 Heap Min Capacity: 8M
 Heap Initial Capacity: 254M
 Heap Max Capacity: 2G
 Pre-touch: Disabled
 Parallel Workers: 10
 Concurrent Workers: 3
 Concurrent Refinement Workers: 10
 Periodic GC: Disabled
Heap:
 garbage-first heap   total 273408K, used 198656K [0x0000000080000000, 0x0000000100000000)
  region size 1024K, 27 young (27648K), 7 survivors (7168K)
 Metaspace       used 114133K, committed 115008K, reserved 1179648K
  class space    used 16071K, committed 16512K, reserved 1048576K
GC Heap History (20 events):
Event: 9.069 GC heap before
{Heap before GC invocations=31 (full 0):
 garbage-first heap   total 128000K, used 77216K [0x0000000080000000, 0x0000000100000000)
  region size 1024K, 6 young (6144K), 2 survivors (2048K)
 Metaspace       used 69980K, committed 70592K, reserved 1114112K
  class space    used 9533K, committed 9856K, reserved 1048576K
}
Event: 9.072 GC heap after
{Heap after GC invocations=32 (full 0):
 garbage-first heap   total 256000K, used 73077K [0x0000000080000000, 0x0000000100000000)
  region size 1024K, 1 young (1024K), 1 survivors (1024K)
 Metaspace       used 69980K, committed 70592K, reserved 1114112K
  class space    used 9533K, committed 9856K, reserved 1048576K
}
Event: 10.657 GC heap before
{Heap before GC invocations=32 (full 0):
 garbage-first heap   total 256000K, used 188789K [0x0000000080000000, 0x0000000100000000)
  region size 1024K, 111 young (113664K), 1 survivors (1024K)
 Metaspace       used 80055K, committed 80704K, reserved 1179648K
  class space    used 10914K, committed 11200K, reserved 1048576K
}
Event: 10.663 GC heap after
{Heap after GC invocations=33 (full 0):
 garbage-first heap   total 256000K, used 83715K [0x0000000080000000, 0x0000000100000000)
  region size 1024K, 7 young (7168K), 7 survivors (7168K)
 Metaspace       used 80055K, committed 80704K, reserved 1179648K
  class space    used 10914K, committed 11200K, reserved 1048576K
}
Event: 12.204 GC heap before
{Heap before GC invocations=33 (full 0):
 garbage-first heap   total 256000K, used 199427K [0x0000000080000000, 0x0000000100000000)
  region size 1024K, 119 young (121856K), 7 survivors (7168K)
 Metaspace       used 86459K, committed 87104K, reserved 1179648K
  class space    used 12004K, committed 12288K, reserved 1048576K
}
Event: 12.213 GC heap after
{Heap after GC invocations=34 (full 0):
 garbage-first heap   total 256000K, used 89483K [0x0000000080000000, 0x0000000100000000)
  region size 1024K, 13 young (13312K), 13 survivors (13312K)
 Metaspace       used 86459K, committed 87104K, reserved 1179648K
  class space    used 12004K, committed 12288K, reserved 1048576K
}
Event: 13.820 GC heap before
{Heap before GC invocations=34 (full 0):
 garbage-first heap   total 256000K, used 202123K [0x0000000080000000, 0x0000000100000000)
  region size 1024K, 123 young (125952K), 13 survivors (13312K)
 Metaspace       used 94641K, committed 95360K, reserved 1179648K
  class space    used 13242K, committed 13568K, reserved 1048576K
}
Event: 13.831 GC heap after
{Heap after GC invocations=35 (full 0):
 garbage-first heap   total 256000K, used 94893K [0x0000000080000000, 0x0000000100000000)
  region size 1024K, 12 young (12288K), 12 survivors (12288K)
 Metaspace       used 94641K, committed 95360K, reserved 1179648K
  class space    used 13242K, committed 13568K, reserved 1048576K
}
Event: 14.941 GC heap before
{Heap before GC invocations=35 (full 0):
 garbage-first heap   total 256000K, used 205485K [0x0000000080000000, 0x0000000100000000)
  region size 1024K, 120 young (122880K), 12 survivors (12288K)
 Metaspace       used 100864K, committed 101632K, reserved 1179648K
  class space    used 14108K, committed 14464K, reserved 1048576K
}
Event: 14.955 GC heap after
{Heap after GC invocations=36 (full 0):
 garbage-first heap   total 256000K, used 102277K [0x0000000080000000, 0x0000000100000000)
  region size 1024K, 15 young (15360K), 15 survivors (15360K)
 Metaspace       used 100864K, committed 101632K, reserved 1179648K
  class space    used 14108K, committed 14464K, reserved 1048576K
}
Event: 15.538 GC heap before
{Heap before GC invocations=36 (full 0):
 garbage-first heap   total 256000K, used 204677K [0x0000000080000000, 0x0000000100000000)
  region size 1024K, 116 young (118784K), 15 survivors (15360K)
 Metaspace       used 101763K, committed 102528K, reserved 1179648K
  class space    used 14225K, committed 14592K, reserved 1048576K
}
Event: 15.551 GC heap after
{Heap after GC invocations=37 (full 0):
 garbage-first heap   total 256000K, used 106755K [0x0000000080000000, 0x0000000100000000)
  region size 1024K, 8 young (8192K), 8 survivors (8192K)
 Metaspace       used 101763K, committed 102528K, reserved 1179648K
  class space    used 14225K, committed 14592K, reserved 1048576K
}
Event: 16.510 GC heap before
{Heap before GC invocations=37 (full 0):
 garbage-first heap   total 256000K, used 206083K [0x0000000080000000, 0x0000000100000000)
  region size 1024K, 106 young (108544K), 8 survivors (8192K)
 Metaspace       used 105297K, committed 106176K, reserved 1179648K
  class space    used 14704K, committed 15104K, reserved 1048576K
}
Event: 16.520 GC heap after
{Heap after GC invocations=38 (full 0):
 garbage-first heap   total 256000K, used 111542K [0x0000000080000000, 0x0000000100000000)
  region size 1024K, 12 young (12288K), 12 survivors (12288K)
 Metaspace       used 105297K, committed 106176K, reserved 1179648K
  class space    used 14704K, committed 15104K, reserved 1048576K
}
Event: 17.098 GC heap before
{Heap before GC invocations=38 (full 0):
 garbage-first heap   total 256000K, used 205750K [0x0000000080000000, 0x0000000100000000)
  region size 1024K, 77 young (78848K), 12 survivors (12288K)
 Metaspace       used 110001K, committed 110912K, reserved 1179648K
  class space    used 15296K, committed 15744K, reserved 1048576K
}
Event: 17.107 GC heap after
{Heap after GC invocations=39 (full 0):
 garbage-first heap   total 256000K, used 138373K [0x0000000080000000, 0x0000000100000000)
  region size 1024K, 10 young (10240K), 10 survivors (10240K)
 Metaspace       used 110001K, committed 110912K, reserved 1179648K
  class space    used 15296K, committed 15744K, reserved 1048576K
}
Event: 17.550 GC heap before
{Heap before GC invocations=39 (full 0):
 garbage-first heap   total 256000K, used 233605K [0x0000000080000000, 0x0000000100000000)
  region size 1024K, 78 young (79872K), 10 survivors (10240K)
 Metaspace       used 112430K, committed 113280K, reserved 1179648K
  class space    used 15709K, committed 16128K, reserved 1048576K
}
Event: 17.573 GC heap after
{Heap after GC invocations=40 (full 0):
 garbage-first heap   total 266240K, used 169260K [0x0000000080000000, 0x0000000100000000)
  region size 1024K, 10 young (10240K), 10 survivors (10240K)
 Metaspace       used 112430K, committed 113280K, reserved 1179648K
  class space    used 15709K, committed 16128K, reserved 1048576K
}
Event: 17.763 GC heap before
{Heap before GC invocations=40 (full 0):
 garbage-first heap   total 266240K, used 194860K [0x0000000080000000, 0x0000000100000000)
  region size 1024K, 37 young (37888K), 10 survivors (10240K)
 Metaspace       used 114022K, committed 114880K, reserved 1179648K
  class space    used 16068K, committed 16512K, reserved 1048576K
}
Event: 17.782 GC heap after
{Heap after GC invocations=41 (full 0):
 garbage-first heap   total 266240K, used 179200K [0x0000000080000000, 0x0000000100000000)
  region size 1024K, 7 young (7168K), 7 survivors (7168K)
 Metaspace       used 114022K, committed 114880K, reserved 1179648K
  class space    used 16068K, committed 16512K, reserved 1048576K
}

