# JRE version: OpenJDK Runtime Environment (17.0.11) (build 17.0.11+0--11852314)
# Java VM: OpenJDK 64-Bit Server VM (17.0.11+0--11852314, mixed mode, tiered, compressed oops, compressed class ptrs, g1 gc, windows-amd64)
GC Precious Log:
 CPUs: 12 total, 12 available
 Memory: 16191M
 Large Page Support: Disabled
 NUMA Support: Disabled
 Compressed Oops: Enabled (32-bit)
 Heap Region Size: 1M
 Heap Min Capacity: 8M
 Heap Initial Capacity: 254M
 Heap Max Capacity: 2G
 Pre-touch: Disabled
 Parallel Workers: 10
 Concurrent Workers: 3
 Concurrent Refinement Workers: 10
 Periodic GC: Disabled
Heap:
 garbage-first heap   total 389120K, used 226398K [0x0000000080000000, 0x0000000100000000)
  region size 1024K, 9 young (9216K), 9 survivors (9216K)
 Metaspace       used 119269K, committed 120128K, reserved 1179648K
  class space    used 16764K, committed 17152K, reserved 1048576K
GC Heap History (20 events):
Event: 15.874 GC heap after
{Heap after GC invocations=33 (full 0):
 garbage-first heap   total 246784K, used 109527K [0x0000000080000000, 0x0000000100000000)
  region size 1024K, 9 young (9216K), 9 survivors (9216K)
 Metaspace       used 105141K, committed 105920K, reserved 1179648K
  class space    used 14577K, committed 14912K, reserved 1048576K
}
Event: 16.240 GC heap before
{Heap before GC invocations=33 (full 0):
 garbage-first heap   total 246784K, used 211927K [0x0000000080000000, 0x0000000100000000)
  region size 1024K, 96 young (98304K), 9 survivors (9216K)
 Metaspace       used 106321K, committed 107136K, reserved 1179648K
  class space    used 14729K, committed 15104K, reserved 1048576K
}
Event: 16.249 GC heap after
{Heap after GC invocations=34 (full 0):
 garbage-first heap   total 246784K, used 129742K [0x0000000080000000, 0x0000000100000000)
  region size 1024K, 9 young (9216K), 9 survivors (9216K)
 Metaspace       used 106321K, committed 107136K, reserved 1179648K
  class space    used 14729K, committed 15104K, reserved 1048576K
}
Event: 16.553 GC heap before
{Heap before GC invocations=34 (full 0):
 garbage-first heap   total 246784K, used 202446K [0x0000000080000000, 0x0000000100000000)
  region size 1024K, 56 young (57344K), 9 survivors (9216K)
 Metaspace       used 109746K, committed 110656K, reserved 1179648K
  class space    used 15220K, committed 15616K, reserved 1048576K
}
Event: 16.560 GC heap after
{Heap after GC invocations=35 (full 0):
 garbage-first heap   total 246784K, used 146650K [0x0000000080000000, 0x0000000100000000)
  region size 1024K, 8 young (8192K), 8 survivors (8192K)
 Metaspace       used 109746K, committed 110656K, reserved 1179648K
  class space    used 15220K, committed 15616K, reserved 1048576K
}
Event: 16.925 GC heap before
{Heap before GC invocations=35 (full 0):
 garbage-first heap   total 246784K, used 211162K [0x0000000080000000, 0x0000000100000000)
  region size 1024K, 61 young (62464K), 8 survivors (8192K)
 Metaspace       used 110170K, committed 111040K, reserved 1179648K
  class space    used 15295K, committed 15680K, reserved 1048576K
}
Event: 16.946 GC heap after
{Heap after GC invocations=36 (full 0):
 garbage-first heap   total 246784K, used 169203K [0x0000000080000000, 0x0000000100000000)
  region size 1024K, 8 young (8192K), 8 survivors (8192K)
 Metaspace       used 110170K, committed 111040K, reserved 1179648K
  class space    used 15295K, committed 15680K, reserved 1048576K
}
Event: 17.079 GC heap before
{Heap before GC invocations=36 (full 0):
 garbage-first heap   total 246784K, used 181491K [0x0000000080000000, 0x0000000100000000)
  region size 1024K, 22 young (22528K), 8 survivors (8192K)
 Metaspace       used 112151K, committed 112896K, reserved 1179648K
  class space    used 15774K, committed 16128K, reserved 1048576K
}
Event: 17.090 GC heap after
{Heap after GC invocations=37 (full 0):
 garbage-first heap   total 355328K, used 171511K [0x0000000080000000, 0x0000000100000000)
  region size 1024K, 2 young (2048K), 2 survivors (2048K)
 Metaspace       used 112151K, committed 112896K, reserved 1179648K
  class space    used 15774K, committed 16128K, reserved 1048576K
}
Event: 17.527 GC heap before
{Heap before GC invocations=38 (full 0):
 garbage-first heap   total 355328K, used 282103K [0x0000000080000000, 0x0000000100000000)
  region size 1024K, 111 young (113664K), 2 survivors (2048K)
 Metaspace       used 112748K, committed 113536K, reserved 1179648K
  class space    used 15855K, committed 16192K, reserved 1048576K
}
Event: 17.568 GC heap after
{Heap after GC invocations=39 (full 0):
 garbage-first heap   total 355328K, used 225137K [0x0000000080000000, 0x0000000100000000)
  region size 1024K, 14 young (14336K), 14 survivors (14336K)
 Metaspace       used 112748K, committed 113536K, reserved 1179648K
  class space    used 15855K, committed 16192K, reserved 1048576K
}
Event: 17.604 GC heap before
{Heap before GC invocations=39 (full 0):
 garbage-first heap   total 355328K, used 228209K [0x0000000080000000, 0x0000000100000000)
  region size 1024K, 17 young (17408K), 14 survivors (14336K)
 Metaspace       used 112760K, committed 113536K, reserved 1179648K
  class space    used 15856K, committed 16192K, reserved 1048576K
}
Event: 17.627 GC heap after
{Heap after GC invocations=40 (full 0):
 garbage-first heap   total 355328K, used 228864K [0x0000000080000000, 0x0000000100000000)
  region size 1024K, 3 young (3072K), 3 survivors (3072K)
 Metaspace       used 112760K, committed 113536K, reserved 1179648K
  class space    used 15856K, committed 16192K, reserved 1048576K
}
Event: 18.192 GC heap before
{Heap before GC invocations=40 (full 0):
 garbage-first heap   total 355328K, used 278016K [0x0000000080000000, 0x0000000100000000)
  region size 1024K, 52 young (53248K), 3 survivors (3072K)
 Metaspace       used 116877K, committed 117824K, reserved 1179648K
  class space    used 16461K, committed 16896K, reserved 1048576K
}
Event: 18.197 GC heap after
{Heap after GC invocations=41 (full 0):
 garbage-first heap   total 355328K, used 228753K [0x0000000080000000, 0x0000000100000000)
  region size 1024K, 3 young (3072K), 3 survivors (3072K)
 Metaspace       used 116877K, committed 117824K, reserved 1179648K
  class space    used 16461K, committed 16896K, reserved 1048576K
}
Event: 18.661 GC heap before
{Heap before GC invocations=42 (full 0):
 garbage-first heap   total 389120K, used 269201K [0x0000000080000000, 0x0000000100000000)
  region size 1024K, 57 young (58368K), 3 survivors (3072K)
 Metaspace       used 118164K, committed 119040K, reserved 1179648K
  class space    used 16635K, committed 17088K, reserved 1048576K
}
Event: 18.668 GC heap after
{Heap after GC invocations=43 (full 0):
 garbage-first heap   total 389120K, used 219330K [0x0000000080000000, 0x0000000100000000)
  region size 1024K, 8 young (8192K), 8 survivors (8192K)
 Metaspace       used 118164K, committed 119040K, reserved 1179648K
  class space    used 16635K, committed 17088K, reserved 1048576K
}
Event: 18.741 GC heap before
{Heap before GC invocations=43 (full 0):
 garbage-first heap   total 389120K, used 230594K [0x0000000080000000, 0x0000000100000000)
  region size 1024K, 19 young (19456K), 8 survivors (8192K)
 Metaspace       used 118547K, committed 119424K, reserved 1179648K
  class space    used 16675K, committed 17088K, reserved 1048576K
}
Event: 18.754 GC heap after
{Heap after GC invocations=44 (full 0):
 garbage-first heap   total 389120K, used 218234K [0x0000000080000000, 0x0000000100000000)
  region size 1024K, 3 young (3072K), 3 survivors (3072K)
 Metaspace       used 118547K, committed 119424K, reserved 1179648K
  class space    used 16675K, committed 17088K, reserved 1048576K
}
Event: 19.121 GC heap before
{Heap before GC invocations=44 (full 0):
 garbage-first heap   total 389120K, used 305274K [0x0000000080000000, 0x0000000100000000)
  region size 1024K, 87 young (89088K), 3 survivors (3072K)
 Metaspace       used 119269K, committed 120128K, reserved 1179648K
  class space    used 16764K, committed 17152K, reserved 1048576K
}

